[{"line":2,"elements":[{"start_timestamp":"2023-06-01T06:56:38.073Z","before":[{"result":{"duration":5356670700,"status":"passed"},"match":{"location":"com.step.HooksClass.beforeScenario()"}}],"line":8,"name":"Verify search page of next","description":"","id":"verify-the-search-page;verify-search-page-of-next","after":[{"result":{"status":"passed"},"match":{"location":"com.step.HooksClass.afterScenario()"}}],"type":"scenario","keyword":"Scenario","steps":[{"result":{"duration":11313465600,"status":"passed"},"line":10,"name":"User is on next search page","match":{"location":"com.step.StepDef3.user_is_on_next_search_page()"},"keyword":"Given "},{"result":{"duration":2651004000,"status":"passed"},"line":12,"name":"User enter \"fashion\" in next search page","match":{"arguments":[{"val":"\"fashion\"","offset":11}],"location":"com.step.StepDef3.user_enter_in_next_search_page(java.lang.String)"},"keyword":"When "},{"result":{"duration":20865115500,"status":"passed"},"line":14,"name":"User click the search button in next","match":{"location":"com.step.StepDef3.user_click_the_search_button_in_next()"},"keyword":"And "},{"result":{"status":"passed"},"line":16,"name":"Verify the logo is displayed in next","match":{"location":"com.step.StepDef3.verify_the_logo_is_displayed_in_next()"},"keyword":"Then "}]},{"start_timestamp":"2023-06-01T06:57:18.362Z","before":[{"result":{"duration":1679506300,"status":"passed"},"match":{"location":"com.step.HooksClass.beforeScenario()"}}],"line":18,"name":"Verify search page of puma","description":"","id":"verify-the-search-page;verify-search-page-of-puma","after":[{"result":{"status":"passed"},"match":{"location":"com.step.HooksClass.afterScenario()"}}],"type":"scenario","keyword":"Scenario","steps":[{"result":{"duration":4258285900,"status":"passed"},"line":20,"name":"User is on puma search page","match":{"location":"com.step.StepDef3.user_is_on_puma_search_page()"},"keyword":"Given "},{"result":{"error_message":"java.lang.Exception: org.openqa.selenium.ElementNotInteractableException: element not interactable\n  (Session info: chrome=114.0.5735.90)\nBuild info: version: '3.141.59', revision: 'e82be7d358', time: '2018-11-14T08:17:03'\nSystem info: host: 'DESKTOP-9RRSD5S', ip: '192.168.70.137', os.name: 'Windows 10', os.arch: 'amd64', os.version: '10.0', java.version: '17.0.6'\nDriver info: org.openqa.selenium.chrome.ChromeDriver\nCapabilities {acceptInsecureCerts: false, browserName: chrome, browserVersion: 114.0.5735.90, chrome: {chromedriverVersion: 114.0.5735.90 (386bc09e8f4f..., userDataDir: C:\\Windows\\SystemTemp\\scope...}, goog:chromeOptions: {debuggerAddress: localhost:59111}, javascriptEnabled: true, networkConnectionEnabled: false, pageLoadStrategy: normal, platform: WINDOWS, platformName: WINDOWS, proxy: Proxy(), setWindowRect: true, strictFileInteractability: false, timeouts: {implicit: 0, pageLoad: 300000, script: 30000}, unhandledPromptBehavior: dismiss and notify, webauthn:extension:credBlob: true, webauthn:extension:largeBlob: true, webauthn:extension:minPinLength: true, webauthn:extension:prf: true, webauthn:virtualAuthenticators: true}\nSession ID: 02ace0880630adb651b65294ea986dbf\r\n\tat com.base.BaseClass.elementSendkeys(BaseClass.java:60)\r\n\tat com.step.StepDef3.user_enter_in_puma_search_page(StepDef3.java:45)\r\n\tat âœ½.User enter \"shoes\" in puma search page(file:///C:/Users/Administrator/eclipse-workspace/NewProjectMaven/src/test/resources/FeatureFolder/ecom.feature:22)\r\nCaused by: org.openqa.selenium.ElementNotInteractableException: element not interactable\n  (Session info: chrome=114.0.5735.90)\nBuild info: version: '3.141.59', revision: 'e82be7d358', time: '2018-11-14T08:17:03'\nSystem info: host: 'DESKTOP-9RRSD5S', ip: '192.168.70.137', os.name: 'Windows 10', os.arch: 'amd64', os.version: '10.0', java.version: '17.0.6'\nDriver info: org.openqa.selenium.chrome.ChromeDriver\nCapabilities {acceptInsecureCerts: false, browserName: chrome, browserVersion: 114.0.5735.90, chrome: {chromedriverVersion: 114.0.5735.90 (386bc09e8f4f..., userDataDir: C:\\Windows\\SystemTemp\\scope...}, goog:chromeOptions: {debuggerAddress: localhost:59111}, javascriptEnabled: true, networkConnectionEnabled: false, pageLoadStrategy: normal, platform: WINDOWS, platformName: WINDOWS, proxy: Proxy(), setWindowRect: true, strictFileInteractability: false, timeouts: {implicit: 0, pageLoad: 300000, script: 30000}, unhandledPromptBehavior: dismiss and notify, webauthn:extension:credBlob: true, webauthn:extension:largeBlob: true, webauthn:extension:minPinLength: true, webauthn:extension:prf: true, webauthn:virtualAuthenticators: true}\nSession ID: 02ace0880630adb651b65294ea986dbf\r\n\tat java.base/jdk.internal.reflect.NativeConstructorAccessorImpl.newInstance0(Native Method)\r\n\tat java.base/jdk.internal.reflect.NativeConstructorAccessorImpl.newInstance(NativeConstructorAccessorImpl.java:77)\r\n\tat java.base/jdk.internal.reflect.DelegatingConstructorAccessorImpl.newInstance(DelegatingConstructorAccessorImpl.java:45)\r\n\tat java.base/java.lang.reflect.Constructor.newInstanceWithCaller(Constructor.java:499)\r\n\tat java.base/java.lang.reflect.Constructor.newInstance(Constructor.java:480)\r\n\tat org.openqa.selenium.remote.http.W3CHttpResponseCodec.createException(W3CHttpResponseCodec.java:187)\r\n\tat org.openqa.selenium.remote.http.W3CHttpResponseCodec.decode(W3CHttpResponseCodec.java:122)\r\n\tat org.openqa.selenium.remote.http.W3CHttpResponseCodec.decode(W3CHttpResponseCodec.java:49)\r\n\tat org.openqa.selenium.remote.HttpCommandExecutor.execute(HttpCommandExecutor.java:158)\r\n\tat org.openqa.selenium.remote.service.DriverCommandExecutor.execute(DriverCommandExecutor.java:83)\r\n\tat org.openqa.selenium.remote.RemoteWebDriver.execute(RemoteWebDriver.java:552)\r\n\tat org.openqa.selenium.remote.RemoteWebElement.execute(RemoteWebElement.java:285)\r\n\tat org.openqa.selenium.remote.RemoteWebElement.sendKeys(RemoteWebElement.java:106)\r\n\tat java.base/jdk.internal.reflect.NativeMethodAccessorImpl.invoke0(Native Method)\r\n\tat java.base/jdk.internal.reflect.NativeMethodAccessorImpl.invoke(NativeMethodAccessorImpl.java:77)\r\n\tat java.base/jdk.internal.reflect.DelegatingMethodAccessorImpl.invoke(DelegatingMethodAccessorImpl.java:43)\r\n\tat java.base/java.lang.reflect.Method.invoke(Method.java:568)\r\n\tat org.openqa.selenium.support.pagefactory.internal.LocatingElementHandler.invoke(LocatingElementHandler.java:51)\r\n\tat jdk.proxy2/jdk.proxy2.$Proxy20.sendKeys(Unknown Source)\r\n\tat com.base.BaseClass.elementSendkeys(BaseClass.java:57)\r\n\tat com.step.StepDef3.user_enter_in_puma_search_page(StepDef3.java:45)\r\n\tat java.base/jdk.internal.reflect.NativeMethodAccessorImpl.invoke0(Native Method)\r\n\tat java.base/jdk.internal.reflect.NativeMethodAccessorImpl.invoke(NativeMethodAccessorImpl.java:77)\r\n\tat java.base/jdk.internal.reflect.DelegatingMethodAccessorImpl.invoke(DelegatingMethodAccessorImpl.java:43)\r\n\tat java.base/java.lang.reflect.Method.invoke(Method.java:568)\r\n\tat io.cucumber.java.Invoker.doInvoke(Invoker.java:66)\r\n\tat io.cucumber.java.Invoker.invoke(Invoker.java:24)\r\n\tat io.cucumber.java.AbstractGlueDefinition.invokeMethod(AbstractGlueDefinition.java:47)\r\n\tat io.cucumber.java.JavaStepDefinition.execute(JavaStepDefinition.java:29)\r\n\tat io.cucumber.core.runner.CoreStepDefinition.execute(CoreStepDefinition.java:66)\r\n\tat io.cucumber.core.runner.PickleStepDefinitionMatch.runStep(PickleStepDefinitionMatch.java:63)\r\n\tat io.cucumber.core.runner.ExecutionMode$1.execute(ExecutionMode.java:10)\r\n\tat io.cucumber.core.runner.TestStep.executeStep(TestStep.java:84)\r\n\tat io.cucumber.core.runner.TestStep.run(TestStep.java:56)\r\n\tat io.cucumber.core.runner.PickleStepTestStep.run(PickleStepTestStep.java:51)\r\n\tat io.cucumber.core.runner.TestCase.run(TestCase.java:84)\r\n\tat io.cucumber.core.runner.Runner.runPickle(Runner.java:75)\r\n\tat io.cucumber.junit.PickleRunners$NoStepDescriptions.lambda$run$0(PickleRunners.java:151)\r\n\tat io.cucumber.core.runtime.CucumberExecutionContext.lambda$runTestCase$5(CucumberExecutionContext.java:137)\r\n\tat io.cucumber.core.runtime.RethrowingThrowableCollector.executeAndThrow(RethrowingThrowableCollector.java:23)\r\n\tat io.cucumber.core.runtime.CucumberExecutionContext.runTestCase(CucumberExecutionContext.java:137)\r\n\tat io.cucumber.junit.PickleRunners$NoStepDescriptions.run(PickleRunners.java:148)\r\n\tat io.cucumber.junit.FeatureRunner.runChild(FeatureRunner.java:144)\r\n\tat io.cucumber.junit.FeatureRunner.runChild(FeatureRunner.java:28)\r\n\tat org.junit.runners.ParentRunner$4.run(ParentRunner.java:331)\r\n\tat org.junit.runners.ParentRunner$1.schedule(ParentRunner.java:79)\r\n\tat org.junit.runners.ParentRunner.runChildren(ParentRunner.java:329)\r\n\tat org.junit.runners.ParentRunner.access$100(ParentRunner.java:66)\r\n\tat org.junit.runners.ParentRunner$2.evaluate(ParentRunner.java:293)\r\n\tat org.junit.runners.ParentRunner$3.evaluate(ParentRunner.java:306)\r\n\tat org.junit.runners.ParentRunner.run(ParentRunner.java:413)\r\n\tat io.cucumber.junit.FeatureRunner.run(FeatureRunner.java:137)\r\n\tat io.cucumber.junit.Cucumber.runChild(Cucumber.java:196)\r\n\tat io.cucumber.junit.Cucumber.runChild(Cucumber.java:89)\r\n\tat org.junit.runners.ParentRunner$4.run(ParentRunner.java:331)\r\n\tat org.junit.runners.ParentRunner$1.schedule(ParentRunner.java:79)\r\n\tat org.junit.runners.ParentRunner.runChildren(ParentRunner.java:329)\r\n\tat org.junit.runners.ParentRunner.access$100(ParentRunner.java:66)\r\n\tat org.junit.runners.ParentRunner$2.evaluate(ParentRunner.java:293)\r\n\tat io.cucumber.core.runtime.CucumberExecutionContext.lambda$runFeatures$6(CucumberExecutionContext.java:148)\r\n\tat io.cucumber.core.runtime.CucumberExecutionContext.execute(CucumberExecutionContext.java:163)\r\n\tat io.cucumber.core.runtime.CucumberExecutionContext.runFeatures(CucumberExecutionContext.java:146)\r\n\tat io.cucumber.junit.Cucumber$StartAndFinishTestRun.evaluate(Cucumber.java:226)\r\n\tat org.junit.internal.runners.statements.RunAfters.evaluate(RunAfters.java:27)\r\n\tat org.junit.runners.ParentRunner$3.evaluate(ParentRunner.java:306)\r\n\tat org.junit.runners.ParentRunner.run(ParentRunner.java:413)\r\n\tat org.eclipse.jdt.internal.junit4.runner.JUnit4TestReference.run(JUnit4TestReference.java:93)\r\n\tat org.eclipse.jdt.internal.junit.runner.TestExecution.run(TestExecution.java:40)\r\n\tat org.eclipse.jdt.internal.junit.runner.RemoteTestRunner.runTests(RemoteTestRunner.java:529)\r\n\tat org.eclipse.jdt.internal.junit.runner.RemoteTestRunner.runTests(RemoteTestRunner.java:756)\r\n\tat org.eclipse.jdt.internal.junit.runner.RemoteTestRunner.run(RemoteTestRunner.java:452)\r\n\tat org.eclipse.jdt.internal.junit.runner.RemoteTestRunner.main(RemoteTestRunner.java:210)\r\n","duration":712094100,"status":"failed"},"line":22,"name":"User enter \"shoes\" in puma search page","match":{"arguments":[{"val":"\"shoes\"","offset":11}],"location":"com.step.StepDef3.user_enter_in_puma_search_page(java.lang.String)"},"keyword":"When "},{"result":{"status":"skipped"},"line":24,"name":"User click the puma search button","match":{"location":"com.step.StepDef3.user_click_the_puma_search_button()"},"keyword":"And "},{"result":{"duration":689600,"status":"skipped"},"line":26,"name":"Verify the logo is displayed in puma","match":{"location":"com.step.StepDef3.verify_the_logo_is_displayed_in_puma()"},"keyword":"Then "}]},{"start_timestamp":"2023-06-01T06:57:25.159Z","before":[{"result":{"duration":3383511000,"status":"passed"},"match":{"location":"com.step.HooksClass.beforeScenario()"}}],"line":28,"name":"Verify search page of matalan","description":"","id":"verify-the-search-page;verify-search-page-of-matalan","after":[{"result":{"status":"passed"},"match":{"location":"com.step.HooksClass.afterScenario()"}}],"type":"scenario","keyword":"Scenario","steps":[{"result":{"duration":13480737300,"status":"passed"},"line":30,"name":"User is on matalan search page","match":{"location":"com.step.StepDef3.user_is_on_matalan_search_page()"},"keyword":"Given "},{"result":{"duration":2259998500,"status":"passed"},"line":32,"name":"User enter \"fashion\" in matalan search page","match":{"arguments":[{"val":"\"fashion\"","offset":11}],"location":"com.step.StepDef3.user_enter_in_matalan_search_page(java.lang.String)"},"keyword":"When "},{"result":{"duration":10403978900,"status":"passed"},"line":34,"name":"User click the search button of matalan","match":{"location":"com.step.StepDef3.user_click_the_search_button_of_matalan()"},"keyword":"And "},{"result":{"status":"passed"},"line":36,"name":"Verify the logo is displayed in matalan","match":{"location":"com.step.StepDef3.verify_the_logo_is_displayed_in_matalan()"},"keyword":"Then "}]}],"name":"Verify the search page","description":"","id":"verify-the-search-page","keyword":"Feature","uri":"file:src/test/resources/FeatureFolder/ecom.feature","tags":[]}]